<?xml version="1.0" encoding="UTF-8"?>
<!-- Generated by org.testng.reporters.JUnitXMLReporter -->
<testsuite ignored="0" hostname="SaiPallav" failures="0" tests="3" name="Default test" time="31.23" errors="0" timestamp="28 Sep 2021 04:54:39 GMT">
  <testcase classname="TestSuites.TestCases" name="carwash" time="14.891"/>
  <testcase classname="TestSuites.TestCases" name="listing" time="6.125"/>
  <testcase classname="TestSuites.TestCases" name="retrieve" time="5.843"/>
</testsuite> <!-- Default test -->
