<?xml version="1.0" encoding="UTF-8"?>
<testng-results ignored="0" total="3" passed="3" failed="0" skipped="0">
  <reporter-output>
  </reporter-output>
  <suite started-at="2021-09-28T04:54:08Z" name="Default suite" finished-at="2021-09-28T04:54:39Z" duration-ms="31230">
    <groups>
    </groups>
    <test started-at="2021-09-28T04:54:08Z" name="Default test" finished-at="2021-09-28T04:54:39Z" duration-ms="31230">
      <class name="TestSuites.TestCases">
        <test-method is-config="true" signature="driverSetup()[pri:0, instance:TestSuites.TestCases@3a4b0e5d]" started-at="2021-09-28T04:54:08Z" name="driverSetup" finished-at="2021-09-28T04:54:11Z" duration-ms="3318" status="PASS">
          <reporter-output>
          </reporter-output>
        </test-method> <!-- driverSetup -->
        <test-method signature="carwash()[pri:1, instance:TestSuites.TestCases@3a4b0e5d]" started-at="2021-09-28T04:54:11Z" name="carwash" finished-at="2021-09-28T04:54:26Z" duration-ms="14891" status="PASS">
          <reporter-output>
          </reporter-output>
        </test-method> <!-- carwash -->
        <test-method signature="listing()[pri:2, instance:TestSuites.TestCases@3a4b0e5d]" started-at="2021-09-28T04:54:26Z" name="listing" finished-at="2021-09-28T04:54:32Z" duration-ms="6125" status="PASS">
          <reporter-output>
          </reporter-output>
        </test-method> <!-- listing -->
        <test-method signature="retrieve()[pri:3, instance:TestSuites.TestCases@3a4b0e5d]" started-at="2021-09-28T04:54:32Z" name="retrieve" finished-at="2021-09-28T04:54:38Z" duration-ms="5843" status="PASS">
          <reporter-output>
          </reporter-output>
        </test-method> <!-- retrieve -->
        <test-method is-config="true" signature="closeBrowser()[pri:0, instance:TestSuites.TestCases@3a4b0e5d]" started-at="2021-09-28T04:54:38Z" name="closeBrowser" finished-at="2021-09-28T04:54:39Z" duration-ms="1038" status="PASS">
          <reporter-output>
          </reporter-output>
        </test-method> <!-- closeBrowser -->
      </class> <!-- TestSuites.TestCases -->
    </test> <!-- Default test -->
  </suite> <!-- Default suite -->
</testng-results>
